Using pre-set license
Built from '2020.3/release' branch; Version is '2020.3.7f1 (dd97f2c94397) revision 14522354'; Using compiler version '192528614'; Build Type 'Release'
OS: 'Windows 10 Pro; OS build 19042.1052; Version 2009; 64bit' Language: 'en' Physical Memory: 20419 MB
BatchMode: 1, IsHumanControllingUs: 0, StartBugReporterOnCrash: 0, Is64bit: 1, IsPro: 0

 COMMAND LINE ARGUMENTS:
H:\Unity Editors\2020.3.7f1\Editor\Unity.exe
-adb2
-batchMode
-noUpm
-name
AssetImportWorker1
-projectPath
H:/Git Projects/TTGD-GoboTown/TTGD - Gobo Town
-logFile
Logs/AssetImportWorker1.log
-srvPort
49908
Successfully changed project path to: H:/Git Projects/TTGD-GoboTown/TTGD - Gobo Town
H:/Git Projects/TTGD-GoboTown/TTGD - Gobo Town
Using Asset Import Pipeline V2.
Refreshing native plugins compatible for Editor in 45.82 ms, found 0 plugins.
Preloading 0 native plugins for Editor in 0.00 ms.
Initialize engine version: 2020.3.7f1 (dd97f2c94397)
[Subsystems] Discovering subsystems at path H:/Unity Editors/2020.3.7f1/Editor/Data/Resources/UnitySubsystems
[Subsystems] Discovering subsystems at path H:/Git Projects/TTGD-GoboTown/TTGD - Gobo Town/Assets
GfxDevice: creating device client; threaded=0
Direct3D:
    Version:  Direct3D 11.0 [level 11.1]
    Renderer: NVIDIA GeForce GTX 1070 (ID=0x1b81)
    Vendor:   
    VRAM:     8088 MB
    Driver:   27.21.14.6611
Shader 'Custom/Vertex Blend': fallback shader 'Vertexlit' not found
Initialize mono
Mono path[0] = 'H:/Unity Editors/2020.3.7f1/Editor/Data/Managed'
Mono path[1] = 'H:/Unity Editors/2020.3.7f1/Editor/Data/MonoBleedingEdge/lib/mono/unityjit'
Mono config path = 'H:/Unity Editors/2020.3.7f1/Editor/Data/MonoBleedingEdge/etc'
Using monoOptions --debugger-agent=transport=dt_socket,embedding=1,server=y,suspend=n,address=127.0.0.1:56668
Begin MonoManager ReloadAssembly
Registering precompiled unity dll's ...
Register platform support module: H:/Unity Editors/2020.3.7f1/Editor/Data/PlaybackEngines/WindowsStandaloneSupport/UnityEditor.WindowsStandalone.Extensions.dll
Registered in 0.001794 seconds.
Native extension for WindowsStandalone target not found
Refreshing native plugins compatible for Editor in 47.45 ms, found 0 plugins.
Preloading 0 native plugins for Editor in 0.00 ms.
Mono: successfully reloaded assembly
- Completed reload, in 17.914 seconds
Platform modules already initialized, skipping
Registering precompiled user dll's ...
Registered in 0.001534 seconds.
Begin MonoManager ReloadAssembly
Native extension for WindowsStandalone target not found
Refreshing native plugins compatible for Editor in 50.26 ms, found 0 plugins.
Preloading 0 native plugins for Editor in 0.00 ms.
Mono: successfully reloaded assembly
- Completed reload, in  1.058 seconds
Platform modules already initialized, skipping
========================================================================
Worker process is ready to serve import requests
Shader 'Universal Render Pipeline/Particles/Lit': fallback shader 'Universal Render Pipeline/Particles/SimpleLit' not found
Shader 'Custom/Vertex Blend': fallback shader 'Vertexlit' not found
Shader 'Universal Render Pipeline/Particles/Lit': fallback shader 'Universal Render Pipeline/Particles/SimpleLit' not found
Launched and connected shader compiler UnityShaderCompiler.exe after 0.17 seconds
Refreshing native plugins compatible for Editor in 0.52 ms, found 0 plugins.
Preloading 0 native plugins for Editor in 0.00 ms.
Unloading 2459 Unused Serialized files (Serialized files now loaded: 0)
System memory in use before: 122.1 MB.
System memory in use after: 120.1 MB.

Unloading 40 unused Assets to reduce memory usage. Loaded Objects now: 2880.
Total: 4.930400 ms (FindLiveObjects: 0.486600 ms CreateObjectMapping: 0.616400 ms MarkObjects: 2.131700 ms  DeleteObjects: 1.694200 ms)

========================================================================
Received Import Request.
  path: Assets/_Scripts/HexCellCoords.cs
  artifactKey: Guid(67405689a869970439660cba928d516c) Importer(815301076,1909f56bfc062723c751e8b465ee728b)
Start importing Assets/_Scripts/HexCellCoords.cs using Guid(67405689a869970439660cba928d516c) Importer(815301076,1909f56bfc062723c751e8b465ee728b)  -> (artifact id: '78e948db7d2860a2488aa1102acabbe5') in 0.055411 seconds
  Import took 0.076427 seconds .

========================================================================
Received Prepare
Registering precompiled user dll's ...
Registered in 0.001740 seconds.
Begin MonoManager ReloadAssembly
Native extension for WindowsStandalone target not found
Refreshing native plugins compatible for Editor in 0.52 ms, found 0 plugins.
Preloading 0 native plugins for Editor in 0.00 ms.
Mono: successfully reloaded assembly
- Completed reload, in  1.598 seconds
Platform modules already initialized, skipping
Shader 'Universal Render Pipeline/Particles/Lit': fallback shader 'Universal Render Pipeline/Particles/SimpleLit' not found
Shader 'Custom/Vertex Blend': fallback shader 'Vertexlit' not found
Shader 'Universal Render Pipeline/Particles/Lit': fallback shader 'Universal Render Pipeline/Particles/SimpleLit' not found
Refreshing native plugins compatible for Editor in 0.65 ms, found 0 plugins.
Preloading 0 native plugins for Editor in 0.00 ms.
Unloading 2361 Unused Serialized files (Serialized files now loaded: 0)
System memory in use before: 116.3 MB.
System memory in use after: 114.3 MB.

Unloading 35 unused Assets to reduce memory usage. Loaded Objects now: 2883.
Total: 5.139800 ms (FindLiveObjects: 0.308900 ms CreateObjectMapping: 0.226800 ms MarkObjects: 3.283500 ms  DeleteObjects: 1.319100 ms)

========================================================================
Received Import Request.
  Time since last request: 45.967007 seconds.
  path: Assets/_Scripts/HexCellCoords.cs
  artifactKey: Guid(67405689a869970439660cba928d516c) Importer(815301076,1909f56bfc062723c751e8b465ee728b)
Start importing Assets/_Scripts/HexCellCoords.cs using Guid(67405689a869970439660cba928d516c) Importer(815301076,1909f56bfc062723c751e8b465ee728b)  -> (artifact id: 'bee67bfe671cffb099565a000c6bcec7') in 0.014338 seconds
  Import took 0.036900 seconds .

========================================================================
Received Import Request.
  Time since last request: 18.699855 seconds.
  path: Assets/_Scripts/HexChunkCoords.cs
  artifactKey: Guid(b950586de03c264469484ca3857ad0b7) Importer(815301076,1909f56bfc062723c751e8b465ee728b)
Start importing Assets/_Scripts/HexChunkCoords.cs using Guid(b950586de03c264469484ca3857ad0b7) Importer(815301076,1909f56bfc062723c751e8b465ee728b)  -> (artifact id: 'e2fd2ecfc2a3340760fb720aae8d2859') in 0.067529 seconds
  Import took 0.092025 seconds .

========================================================================
Received Import Request.
  Time since last request: 0.000180 seconds.
  path: Assets/_Scripts/BiomeInfo_SO.cs
  artifactKey: Guid(c33ef327594b57f4692ca9083f6b39a0) Importer(815301076,1909f56bfc062723c751e8b465ee728b)
Start importing Assets/_Scripts/BiomeInfo_SO.cs using Guid(c33ef327594b57f4692ca9083f6b39a0) Importer(815301076,1909f56bfc062723c751e8b465ee728b)  -> (artifact id: '0ad7546512566ba2f2d1a4fb595d6c6d') in 0.787010 seconds
  Import took 0.805679 seconds .

========================================================================
Received Prepare
Registering precompiled user dll's ...
Registered in 0.002208 seconds.
Begin MonoManager ReloadAssembly
Native extension for WindowsStandalone target not found
Refreshing native plugins compatible for Editor in 0.49 ms, found 0 plugins.
Preloading 0 native plugins for Editor in 0.00 ms.
Mono: successfully reloaded assembly
- Completed reload, in  1.330 seconds
Platform modules already initialized, skipping
Shader 'Universal Render Pipeline/Particles/Lit': fallback shader 'Universal Render Pipeline/Particles/SimpleLit' not found
Shader 'Custom/Vertex Blend': fallback shader 'Vertexlit' not found
Shader 'Universal Render Pipeline/Particles/Lit': fallback shader 'Universal Render Pipeline/Particles/SimpleLit' not found
Refreshing native plugins compatible for Editor in 0.63 ms, found 0 plugins.
Preloading 0 native plugins for Editor in 0.00 ms.
Unloading 2361 Unused Serialized files (Serialized files now loaded: 0)
System memory in use before: 116.4 MB.
System memory in use after: 114.3 MB.

Unloading 35 unused Assets to reduce memory usage. Loaded Objects now: 2886.
Total: 4.551300 ms (FindLiveObjects: 0.433800 ms CreateObjectMapping: 0.293400 ms MarkObjects: 2.453600 ms  DeleteObjects: 1.368500 ms)

========================================================================
Received Import Request.
  Time since last request: 23.926828 seconds.
  path: Assets/_Scripts/HexChunkCoords.cs
  artifactKey: Guid(b950586de03c264469484ca3857ad0b7) Importer(815301076,1909f56bfc062723c751e8b465ee728b)
Start importing Assets/_Scripts/HexChunkCoords.cs using Guid(b950586de03c264469484ca3857ad0b7) Importer(815301076,1909f56bfc062723c751e8b465ee728b)  -> (artifact id: 'e628cc3d6e4656e855cc08c3d6407194') in 0.013250 seconds
  Import took 0.018614 seconds .

========================================================================
Received Import Request.
  Time since last request: 0.000250 seconds.
  path: Assets/_Scripts/ChunkPoolingController.cs
  artifactKey: Guid(4ba2b5f1df07cbd4cbd2f027ebb21327) Importer(815301076,1909f56bfc062723c751e8b465ee728b)
Start importing Assets/_Scripts/ChunkPoolingController.cs using Guid(4ba2b5f1df07cbd4cbd2f027ebb21327) Importer(815301076,1909f56bfc062723c751e8b465ee728b)  -> (artifact id: 'dd7576c0362e2681af13da405c7b2067') in 0.009753 seconds
  Import took 0.036854 seconds .

========================================================================
Received Import Request.
  Time since last request: 58.234204 seconds.
  path: Assets/_Scripts/HexPoolingController.cs
  artifactKey: Guid(4ba2b5f1df07cbd4cbd2f027ebb21327) Importer(815301076,1909f56bfc062723c751e8b465ee728b)
Start importing Assets/_Scripts/HexPoolingController.cs using Guid(4ba2b5f1df07cbd4cbd2f027ebb21327) Importer(815301076,1909f56bfc062723c751e8b465ee728b)  -> (artifact id: '796a0ba2cbbda1ec239d8d965bbd914f') in 0.015911 seconds
  Import took 0.041768 seconds .

========================================================================
Received Prepare
Registering precompiled user dll's ...
Registered in 0.001418 seconds.
Begin MonoManager ReloadAssembly
Native extension for WindowsStandalone target not found
Refreshing native plugins compatible for Editor in 0.58 ms, found 0 plugins.
Preloading 0 native plugins for Editor in 0.00 ms.
Mono: successfully reloaded assembly
- Completed reload, in  0.960 seconds
Platform modules already initialized, skipping
Shader 'Universal Render Pipeline/Particles/Lit': fallback shader 'Universal Render Pipeline/Particles/SimpleLit' not found
Shader 'Universal Render Pipeline/Particles/Lit': fallback shader 'Universal Render Pipeline/Particles/SimpleLit' not found
Shader 'Custom/Vertex Blend': fallback shader 'Vertexlit' not found
Refreshing native plugins compatible for Editor in 0.52 ms, found 0 plugins.
Preloading 0 native plugins for Editor in 0.00 ms.
Unloading 2361 Unused Serialized files (Serialized files now loaded: 0)
System memory in use before: 116.4 MB.
System memory in use after: 114.3 MB.

Unloading 35 unused Assets to reduce memory usage. Loaded Objects now: 2889.
Total: 4.173500 ms (FindLiveObjects: 0.326100 ms CreateObjectMapping: 0.229200 ms MarkObjects: 2.255500 ms  DeleteObjects: 1.361500 ms)

========================================================================
Received Import Request.
  Time since last request: 50.946620 seconds.
  path: Assets/_Scripts/HexSector.cs
  artifactKey: Guid(21d51752c32bc824c98177e21537faf0) Importer(815301076,1909f56bfc062723c751e8b465ee728b)
Start importing Assets/_Scripts/HexSector.cs using Guid(21d51752c32bc824c98177e21537faf0) Importer(815301076,1909f56bfc062723c751e8b465ee728b)  -> (artifact id: 'fcc85e2759b052d42782e7da283fe5f6') in 0.015959 seconds
  Import took 0.033774 seconds .

========================================================================
Received Prepare
Registering precompiled user dll's ...
Registered in 0.001720 seconds.
Begin MonoManager ReloadAssembly
Native extension for WindowsStandalone target not found
Refreshing native plugins compatible for Editor in 0.47 ms, found 0 plugins.
Preloading 0 native plugins for Editor in 0.00 ms.
Mono: successfully reloaded assembly
- Completed reload, in  0.963 seconds
Platform modules already initialized, skipping
Shader 'Universal Render Pipeline/Particles/Lit': fallback shader 'Universal Render Pipeline/Particles/SimpleLit' not found
Shader 'Universal Render Pipeline/Particles/Lit': fallback shader 'Universal Render Pipeline/Particles/SimpleLit' not found
Shader 'Custom/Vertex Blend': fallback shader 'Vertexlit' not found
Refreshing native plugins compatible for Editor in 0.49 ms, found 0 plugins.
Preloading 0 native plugins for Editor in 0.00 ms.
Unloading 2362 Unused Serialized files (Serialized files now loaded: 0)
System memory in use before: 116.4 MB.
System memory in use after: 114.4 MB.

Unloading 35 unused Assets to reduce memory usage. Loaded Objects now: 2893.
Total: 4.330500 ms (FindLiveObjects: 0.478900 ms CreateObjectMapping: 0.263800 ms MarkObjects: 2.209600 ms  DeleteObjects: 1.376900 ms)

========================================================================
Received Import Request.
  Time since last request: 16.365900 seconds.
  path: Assets/_Scripts/HexSectorCoords.cs
  artifactKey: Guid(767e50535154d194faf2ff5167bfa9a7) Importer(815301076,1909f56bfc062723c751e8b465ee728b)
Start importing Assets/_Scripts/HexSectorCoords.cs using Guid(767e50535154d194faf2ff5167bfa9a7) Importer(815301076,1909f56bfc062723c751e8b465ee728b)  -> (artifact id: '13953bed7aa8ab6c0de041df34b19b0d') in 0.014163 seconds
  Import took 0.033821 seconds .

========================================================================
Received Prepare
Registering precompiled user dll's ...
Registered in 0.001394 seconds.
Begin MonoManager ReloadAssembly
Native extension for WindowsStandalone target not found
Refreshing native plugins compatible for Editor in 0.96 ms, found 0 plugins.
Preloading 0 native plugins for Editor in 0.00 ms.
Mono: successfully reloaded assembly
- Completed reload, in  0.964 seconds
Platform modules already initialized, skipping
Shader 'Universal Render Pipeline/Particles/Lit': fallback shader 'Universal Render Pipeline/Particles/SimpleLit' not found
Shader 'Universal Render Pipeline/Particles/Lit': fallback shader 'Universal Render Pipeline/Particles/SimpleLit' not found
Shader 'Custom/Vertex Blend': fallback shader 'Vertexlit' not found
Refreshing native plugins compatible for Editor in 0.49 ms, found 0 plugins.
Preloading 0 native plugins for Editor in 0.00 ms.
Unloading 2363 Unused Serialized files (Serialized files now loaded: 0)
System memory in use before: 116.4 MB.
System memory in use after: 114.3 MB.

Unloading 35 unused Assets to reduce memory usage. Loaded Objects now: 2897.
Total: 3.932800 ms (FindLiveObjects: 0.309200 ms CreateObjectMapping: 0.217100 ms MarkObjects: 2.035400 ms  DeleteObjects: 1.370200 ms)

========================================================================
Received Import Request.
  Time since last request: 38.083545 seconds.
  path: Assets/_Scripts/Editor Scripts/HexCoords_Drawer.cs
  artifactKey: Guid(9fc1a7f3dcb90814d8f03db588eba683) Importer(815301076,1909f56bfc062723c751e8b465ee728b)
Start importing Assets/_Scripts/Editor Scripts/HexCoords_Drawer.cs using Guid(9fc1a7f3dcb90814d8f03db588eba683) Importer(815301076,1909f56bfc062723c751e8b465ee728b)  -> (artifact id: 'f2e6e0d4b3ba0d09b24f05422a86bc4d') in 0.010914 seconds
  Import took 0.027073 seconds .

========================================================================
Received Import Request.
  Time since last request: 0.009379 seconds.
  path: Assets/_Scripts/Editor Scripts/HexCoords_Drawer.cs
  artifactKey: Guid(9fc1a7f3dcb90814d8f03db588eba683) Importer(815301076,1909f56bfc062723c751e8b465ee728b)
Start importing Assets/_Scripts/Editor Scripts/HexCoords_Drawer.cs using Guid(9fc1a7f3dcb90814d8f03db588eba683) Importer(815301076,1909f56bfc062723c751e8b465ee728b)  -> (artifact id: 'f2e6e0d4b3ba0d09b24f05422a86bc4d') in 0.002696 seconds
  Import took 0.006718 seconds .

========================================================================
Received Import Request.
  Time since last request: 8.573145 seconds.
  path: Assets/_Scripts/Editor Scripts/HexCellCoords_Drawer.cs
  artifactKey: Guid(9fc1a7f3dcb90814d8f03db588eba683) Importer(815301076,1909f56bfc062723c751e8b465ee728b)
Start importing Assets/_Scripts/Editor Scripts/HexCellCoords_Drawer.cs using Guid(9fc1a7f3dcb90814d8f03db588eba683) Importer(815301076,1909f56bfc062723c751e8b465ee728b)  -> (artifact id: '3d296d0b5ef0f68c59762e22ab7c98f0') in 0.030613 seconds
  Import took 0.046816 seconds .

========================================================================
Received Prepare
Registering precompiled user dll's ...
Registered in 0.001351 seconds.
Begin MonoManager ReloadAssembly
Native extension for WindowsStandalone target not found
Refreshing native plugins compatible for Editor in 0.52 ms, found 0 plugins.
Preloading 0 native plugins for Editor in 0.00 ms.
Mono: successfully reloaded assembly
- Completed reload, in  0.952 seconds
Platform modules already initialized, skipping
Shader 'Universal Render Pipeline/Particles/Lit': fallback shader 'Universal Render Pipeline/Particles/SimpleLit' not found
Shader 'Custom/Vertex Blend': fallback shader 'Vertexlit' not found
Shader 'Universal Render Pipeline/Particles/Lit': fallback shader 'Universal Render Pipeline/Particles/SimpleLit' not found
Refreshing native plugins compatible for Editor in 0.67 ms, found 0 plugins.
Preloading 0 native plugins for Editor in 0.00 ms.
Unloading 2363 Unused Serialized files (Serialized files now loaded: 0)
System memory in use before: 116.4 MB.
System memory in use after: 114.4 MB.

Unloading 35 unused Assets to reduce memory usage. Loaded Objects now: 2900.
Total: 33.983200 ms (FindLiveObjects: 0.396000 ms CreateObjectMapping: 1.404900 ms MarkObjects: 5.087000 ms  DeleteObjects: 27.093000 ms)

========================================================================
Received Prepare
Registering precompiled user dll's ...
Registered in 0.001396 seconds.
Begin MonoManager ReloadAssembly
Native extension for WindowsStandalone target not found
Refreshing native plugins compatible for Editor in 0.47 ms, found 0 plugins.
Preloading 0 native plugins for Editor in 0.00 ms.
Mono: successfully reloaded assembly
- Completed reload, in  0.948 seconds
Platform modules already initialized, skipping
Shader 'Universal Render Pipeline/Particles/Lit': fallback shader 'Universal Render Pipeline/Particles/SimpleLit' not found
Shader 'Universal Render Pipeline/Particles/Lit': fallback shader 'Universal Render Pipeline/Particles/SimpleLit' not found
Shader 'Custom/Vertex Blend': fallback shader 'Vertexlit' not found
Refreshing native plugins compatible for Editor in 0.51 ms, found 0 plugins.
Preloading 0 native plugins for Editor in 0.00 ms.
Unloading 2363 Unused Serialized files (Serialized files now loaded: 0)
System memory in use before: 116.5 MB.
System memory in use after: 114.4 MB.

Unloading 35 unused Assets to reduce memory usage. Loaded Objects now: 2903.
Total: 4.156800 ms (FindLiveObjects: 0.368000 ms CreateObjectMapping: 0.296400 ms MarkObjects: 1.970200 ms  DeleteObjects: 1.520600 ms)

========================================================================
Received Import Request.
  Time since last request: 95.511618 seconds.
  path: Assets/_Scripts/Editor Scripts/HexCellCoords_Drawer.cs
  artifactKey: Guid(9fc1a7f3dcb90814d8f03db588eba683) Importer(815301076,1909f56bfc062723c751e8b465ee728b)
Start importing Assets/_Scripts/Editor Scripts/HexCellCoords_Drawer.cs using Guid(9fc1a7f3dcb90814d8f03db588eba683) Importer(815301076,1909f56bfc062723c751e8b465ee728b)  -> (artifact id: 'cccbb3450fb8152eaba6e4bf5cf4a05e') in 0.006309 seconds
  Import took 0.026252 seconds .

========================================================================
Received Import Request.
  Time since last request: 3.195558 seconds.
  path: Assets/_Scripts/Editor Scripts/BiomeInfo_GUI.cs
  artifactKey: Guid(520ad504764ba8d438b8e22e08d4fd18) Importer(815301076,1909f56bfc062723c751e8b465ee728b)
Start importing Assets/_Scripts/Editor Scripts/BiomeInfo_GUI.cs using Guid(520ad504764ba8d438b8e22e08d4fd18) Importer(815301076,1909f56bfc062723c751e8b465ee728b)  -> (artifact id: 'b2147443fa254b4ce3bc45a4be25a86f') in 0.008681 seconds
  Import took 0.012649 seconds .

========================================================================
Received Import Request.
  Time since last request: 3.187989 seconds.
  path: Assets/_Scripts/Saveable Data/HexObject_Data.cs
  artifactKey: Guid(62fb254f766cef3489585244b1740a31) Importer(815301076,1909f56bfc062723c751e8b465ee728b)
Start importing Assets/_Scripts/Saveable Data/HexObject_Data.cs using Guid(62fb254f766cef3489585244b1740a31) Importer(815301076,1909f56bfc062723c751e8b465ee728b)  -> (artifact id: '495f481bf536a561b701fe1c4a2b0107') in 0.009344 seconds
  Import took 0.014090 seconds .

========================================================================
Received Import Request.
  Time since last request: 0.001469 seconds.
  path: Assets/_Scripts/Saveable Data/HexObject_Data.cs
  artifactKey: Guid(62fb254f766cef3489585244b1740a31) Importer(815301076,1909f56bfc062723c751e8b465ee728b)
Start importing Assets/_Scripts/Saveable Data/HexObject_Data.cs using Guid(62fb254f766cef3489585244b1740a31) Importer(815301076,1909f56bfc062723c751e8b465ee728b)  -> (artifact id: '495f481bf536a561b701fe1c4a2b0107') in 0.003174 seconds
  Import took 0.007274 seconds .

========================================================================
Received Import Request.
  Time since last request: 1.121380 seconds.
  path: Assets/_Scripts/Saveable Data/HexCell_Data.cs
  artifactKey: Guid(ab6e071780177d74cb6eb01936b655e2) Importer(815301076,1909f56bfc062723c751e8b465ee728b)
Start importing Assets/_Scripts/Saveable Data/HexCell_Data.cs using Guid(ab6e071780177d74cb6eb01936b655e2) Importer(815301076,1909f56bfc062723c751e8b465ee728b)  -> (artifact id: 'b3679bdf83ef870a28787b6d70cd0a81') in 0.009284 seconds
  Import took 0.041942 seconds .

========================================================================
Received Import Request.
  Time since last request: 3.369159 seconds.
  path: Assets/_Scripts/MapSpawnController.cs
  artifactKey: Guid(60bbd097e76312440bf0a090624b4e6a) Importer(815301076,1909f56bfc062723c751e8b465ee728b)
Start importing Assets/_Scripts/MapSpawnController.cs using Guid(60bbd097e76312440bf0a090624b4e6a) Importer(815301076,1909f56bfc062723c751e8b465ee728b)  -> (artifact id: '85d47a7ab195f5ed45388ab8458d75cc') in 0.007092 seconds
  Import took 0.012199 seconds .

========================================================================
Received Import Request.
  Time since last request: 0.536195 seconds.
  path: Assets/_Scripts/MapGenerationOptions_SO.cs
  artifactKey: Guid(1579799b532585b47a21a08895448734) Importer(815301076,1909f56bfc062723c751e8b465ee728b)
Start importing Assets/_Scripts/MapGenerationOptions_SO.cs using Guid(1579799b532585b47a21a08895448734) Importer(815301076,1909f56bfc062723c751e8b465ee728b)  -> (artifact id: 'b3253b985d8182be9b99a7b3a75a9165') in 0.007757 seconds
  Import took 0.012408 seconds .

========================================================================
Received Import Request.
  Time since last request: 0.552019 seconds.
  path: Assets/_Scripts/MapGenerationController.cs
  artifactKey: Guid(7645206837b9cb341a335c1c4efe07ad) Importer(815301076,1909f56bfc062723c751e8b465ee728b)
Start importing Assets/_Scripts/MapGenerationController.cs using Guid(7645206837b9cb341a335c1c4efe07ad) Importer(815301076,1909f56bfc062723c751e8b465ee728b)  -> (artifact id: 'b79b3ade36d7544b870dc49a90c3e26d') in 0.009019 seconds
  Import took 0.015828 seconds .

========================================================================
Received Import Request.
  Time since last request: 3.187366 seconds.
  path: Assets/_Scripts/HexChunk.cs
  artifactKey: Guid(b008c7490ef04dd46910d4028e03a959) Importer(815301076,1909f56bfc062723c751e8b465ee728b)
Start importing Assets/_Scripts/HexChunk.cs using Guid(b008c7490ef04dd46910d4028e03a959) Importer(815301076,1909f56bfc062723c751e8b465ee728b)  -> (artifact id: 'b9632058c6933d52e9d96cab45c643a9') in 0.004459 seconds
  Import took 0.030586 seconds .

========================================================================
Received Import Request.
  Time since last request: 1.130494 seconds.
  path: Assets/_Scripts/HexCell.cs
  artifactKey: Guid(15a243b9e3eec4d4286534c649d5653a) Importer(815301076,1909f56bfc062723c751e8b465ee728b)
Start importing Assets/_Scripts/HexCell.cs using Guid(15a243b9e3eec4d4286534c649d5653a) Importer(815301076,1909f56bfc062723c751e8b465ee728b)  -> (artifact id: '2526b1a567fc8b3f43c8f8fa8399d611') in 0.008735 seconds
  Import took 0.013350 seconds .

========================================================================
Received Prepare
Registering precompiled user dll's ...
Registered in 0.001371 seconds.
Begin MonoManager ReloadAssembly
Native extension for WindowsStandalone target not found
Refreshing native plugins compatible for Editor in 0.47 ms, found 0 plugins.
Preloading 0 native plugins for Editor in 0.00 ms.
Mono: successfully reloaded assembly
- Completed reload, in  0.927 seconds
Platform modules already initialized, skipping
Shader 'Universal Render Pipeline/Particles/Lit': fallback shader 'Universal Render Pipeline/Particles/SimpleLit' not found
Shader 'Custom/Vertex Blend': fallback shader 'Vertexlit' not found
Shader 'Universal Render Pipeline/Particles/Lit': fallback shader 'Universal Render Pipeline/Particles/SimpleLit' not found
Refreshing native plugins compatible for Editor in 0.49 ms, found 0 plugins.
Preloading 0 native plugins for Editor in 0.00 ms.
Unloading 2363 Unused Serialized files (Serialized files now loaded: 0)
System memory in use before: 116.5 MB.
System memory in use after: 114.4 MB.

Unloading 35 unused Assets to reduce memory usage. Loaded Objects now: 2906.
Total: 3.843400 ms (FindLiveObjects: 0.272100 ms CreateObjectMapping: 0.193900 ms MarkObjects: 2.089800 ms  DeleteObjects: 1.286900 ms)

========================================================================
Received Import Request.
  Time since last request: 122.315635 seconds.
  path: Assets/_Scriptables/Map Gen Options Size Test  v1.asset
  artifactKey: Guid(f8e00fc17c18f374c8a3d1676073b880) Importer(815301076,1909f56bfc062723c751e8b465ee728b)
Start importing Assets/_Scriptables/Map Gen Options Size Test  v1.asset using Guid(f8e00fc17c18f374c8a3d1676073b880) Importer(815301076,1909f56bfc062723c751e8b465ee728b)  -> (artifact id: '716a28a1dfd1b1d87bebdd1758b599e0') in 0.042704 seconds
  Import took 0.091348 seconds .

========================================================================
Received Import Request.
  Time since last request: 0.528685 seconds.
  path: Assets/_Scriptables/Map Gen Options v1.asset
  artifactKey: Guid(02f81a9008c053d42969fbbe0b288556) Importer(815301076,1909f56bfc062723c751e8b465ee728b)
Start importing Assets/_Scriptables/Map Gen Options v1.asset using Guid(02f81a9008c053d42969fbbe0b288556) Importer(815301076,1909f56bfc062723c751e8b465ee728b)  -> (artifact id: 'c5d72be5e0c4e88a54a6596e05826aeb') in 0.016690 seconds
  Import took 0.035832 seconds .

========================================================================
Received Import Request.
  Time since last request: 4.254975 seconds.
  path: Assets/_Scriptables/Map Gen Options - Size Test  v1.asset
  artifactKey: Guid(f8e00fc17c18f374c8a3d1676073b880) Importer(815301076,1909f56bfc062723c751e8b465ee728b)
Start importing Assets/_Scriptables/Map Gen Options - Size Test  v1.asset using Guid(f8e00fc17c18f374c8a3d1676073b880) Importer(815301076,1909f56bfc062723c751e8b465ee728b)  -> (artifact id: 'e5d8b6de22fb172d240c51f8a1ae7652') in 0.014573 seconds
  Import took 0.023433 seconds .

========================================================================
Received Import Request.
  Time since last request: 2.252976 seconds.
  path: Assets/_Scriptables/Map Gen Options - v1.asset
  artifactKey: Guid(02f81a9008c053d42969fbbe0b288556) Importer(815301076,1909f56bfc062723c751e8b465ee728b)
Start importing Assets/_Scriptables/Map Gen Options - v1.asset using Guid(02f81a9008c053d42969fbbe0b288556) Importer(815301076,1909f56bfc062723c751e8b465ee728b)  -> (artifact id: 'f465a312e01f0fc5f6c892cbc5430c4b') in 0.011465 seconds
  Import took 0.025977 seconds .

========================================================================
Received Prepare
Registering precompiled user dll's ...
Registered in 0.001411 seconds.
Begin MonoManager ReloadAssembly
Native extension for WindowsStandalone target not found
Refreshing native plugins compatible for Editor in 0.47 ms, found 0 plugins.
Preloading 0 native plugins for Editor in 0.00 ms.
Mono: successfully reloaded assembly
- Completed reload, in  0.922 seconds
Platform modules already initialized, skipping
Shader 'Universal Render Pipeline/Particles/Lit': fallback shader 'Universal Render Pipeline/Particles/SimpleLit' not found
Shader 'Universal Render Pipeline/Particles/Lit': fallback shader 'Universal Render Pipeline/Particles/SimpleLit' not found
Shader 'Custom/Vertex Blend': fallback shader 'Vertexlit' not found
Refreshing native plugins compatible for Editor in 0.49 ms, found 0 plugins.
Preloading 0 native plugins for Editor in 0.00 ms.
Unloading 2363 Unused Serialized files (Serialized files now loaded: 0)
System memory in use before: 116.5 MB.
System memory in use after: 114.5 MB.

Unloading 35 unused Assets to reduce memory usage. Loaded Objects now: 2909.
Total: 3.997700 ms (FindLiveObjects: 0.274100 ms CreateObjectMapping: 0.204300 ms MarkObjects: 2.099000 ms  DeleteObjects: 1.419500 ms)

========================================================================
Received Prepare
Registering precompiled user dll's ...
Registered in 0.001399 seconds.
Begin MonoManager ReloadAssembly
Native extension for WindowsStandalone target not found
Refreshing native plugins compatible for Editor in 0.51 ms, found 0 plugins.
Preloading 0 native plugins for Editor in 0.00 ms.
Mono: successfully reloaded assembly
- Completed reload, in  0.910 seconds
Platform modules already initialized, skipping
Shader 'Universal Render Pipeline/Particles/Lit': fallback shader 'Universal Render Pipeline/Particles/SimpleLit' not found
Shader 'Custom/Vertex Blend': fallback shader 'Vertexlit' not found
Shader 'Universal Render Pipeline/Particles/Lit': fallback shader 'Universal Render Pipeline/Particles/SimpleLit' not found
Refreshing native plugins compatible for Editor in 0.49 ms, found 0 plugins.
Preloading 0 native plugins for Editor in 0.00 ms.
Unloading 2363 Unused Serialized files (Serialized files now loaded: 0)
System memory in use before: 116.4 MB.
System memory in use after: 114.4 MB.

Unloading 35 unused Assets to reduce memory usage. Loaded Objects now: 2912.
Total: 3.823000 ms (FindLiveObjects: 0.248100 ms CreateObjectMapping: 0.097000 ms MarkObjects: 2.124100 ms  DeleteObjects: 1.352200 ms)

========================================================================
Received Prepare
Registering precompiled user dll's ...
Registered in 0.001432 seconds.
Begin MonoManager ReloadAssembly
Native extension for WindowsStandalone target not found
Refreshing native plugins compatible for Editor in 0.56 ms, found 0 plugins.
Preloading 0 native plugins for Editor in 0.00 ms.
Mono: successfully reloaded assembly
- Completed reload, in  0.928 seconds
Platform modules already initialized, skipping
Shader 'Universal Render Pipeline/Particles/Lit': fallback shader 'Universal Render Pipeline/Particles/SimpleLit' not found
Shader 'Universal Render Pipeline/Particles/Lit': fallback shader 'Universal Render Pipeline/Particles/SimpleLit' not found
Shader 'Custom/Vertex Blend': fallback shader 'Vertexlit' not found
Refreshing native plugins compatible for Editor in 0.48 ms, found 0 plugins.
Preloading 0 native plugins for Editor in 0.00 ms.
Unloading 2363 Unused Serialized files (Serialized files now loaded: 0)
System memory in use before: 116.5 MB.
System memory in use after: 114.5 MB.

Unloading 35 unused Assets to reduce memory usage. Loaded Objects now: 2915.
Total: 3.399200 ms (FindLiveObjects: 0.233100 ms CreateObjectMapping: 0.103600 ms MarkObjects: 1.770300 ms  DeleteObjects: 1.291100 ms)

