Using pre-set license
Built from '2020.3/release' branch; Version is '2020.3.7f1 (dd97f2c94397) revision 14522354'; Using compiler version '192528614'; Build Type 'Release'
OS: 'Windows 10 Pro; OS build 19042.985; Version 2009; 64bit' Language: 'en' Physical Memory: 20419 MB
BatchMode: 1, IsHumanControllingUs: 0, StartBugReporterOnCrash: 0, Is64bit: 1, IsPro: 0

 COMMAND LINE ARGUMENTS:
H:\Unity Editors\2020.3.7f1\Editor\Unity.exe
-adb2
-batchMode
-noUpm
-name
AssetImportWorker1
-projectPath
H:/Git Projects/TTGD-GoboTown/TTGD - Gobo Town
-logFile
Logs/AssetImportWorker1.log
-srvPort
58970
Successfully changed project path to: H:/Git Projects/TTGD-GoboTown/TTGD - Gobo Town
H:/Git Projects/TTGD-GoboTown/TTGD - Gobo Town
Using Asset Import Pipeline V2.
Refreshing native plugins compatible for Editor in 45.26 ms, found 0 plugins.
Preloading 0 native plugins for Editor in 0.00 ms.
Initialize engine version: 2020.3.7f1 (dd97f2c94397)
[Subsystems] Discovering subsystems at path H:/Unity Editors/2020.3.7f1/Editor/Data/Resources/UnitySubsystems
[Subsystems] Discovering subsystems at path H:/Git Projects/TTGD-GoboTown/TTGD - Gobo Town/Assets
GfxDevice: creating device client; threaded=0
Direct3D:
    Version:  Direct3D 11.0 [level 11.1]
    Renderer: NVIDIA GeForce GTX 1070 (ID=0x1b81)
    Vendor:   
    VRAM:     8088 MB
    Driver:   27.21.14.6611
Initialize mono
Mono path[0] = 'H:/Unity Editors/2020.3.7f1/Editor/Data/Managed'
Mono path[1] = 'H:/Unity Editors/2020.3.7f1/Editor/Data/MonoBleedingEdge/lib/mono/unityjit'
Mono config path = 'H:/Unity Editors/2020.3.7f1/Editor/Data/MonoBleedingEdge/etc'
Using monoOptions --debugger-agent=transport=dt_socket,embedding=1,server=y,suspend=n,address=127.0.0.1:56260
Begin MonoManager ReloadAssembly
Registering precompiled unity dll's ...
Register platform support module: H:/Unity Editors/2020.3.7f1/Editor/Data/PlaybackEngines/WindowsStandaloneSupport/UnityEditor.WindowsStandalone.Extensions.dll
Registered in 0.001288 seconds.
Native extension for WindowsStandalone target not found
Refreshing native plugins compatible for Editor in 47.17 ms, found 0 plugins.
Preloading 0 native plugins for Editor in 0.00 ms.
Mono: successfully reloaded assembly
- Completed reload, in 11.639 seconds
Platform modules already initialized, skipping
Registering precompiled user dll's ...
Registered in 0.001511 seconds.
Begin MonoManager ReloadAssembly
Native extension for WindowsStandalone target not found
Refreshing native plugins compatible for Editor in 47.13 ms, found 0 plugins.
Preloading 0 native plugins for Editor in 0.00 ms.
Mono: successfully reloaded assembly
- Completed reload, in  1.213 seconds
Platform modules already initialized, skipping
========================================================================
Worker process is ready to serve import requests
Shader 'Universal Render Pipeline/Particles/Lit': fallback shader 'Universal Render Pipeline/Particles/SimpleLit' not found
Shader 'Universal Render Pipeline/Particles/Lit': fallback shader 'Universal Render Pipeline/Particles/SimpleLit' not found
Launched and connected shader compiler UnityShaderCompiler.exe after 0.27 seconds
Refreshing native plugins compatible for Editor in 0.45 ms, found 0 plugins.
Preloading 0 native plugins for Editor in 0.00 ms.
Unloading 2443 Unused Serialized files (Serialized files now loaded: 0)
System memory in use before: 118.1 MB.
System memory in use after: 115.4 MB.

Unloading 42 unused Assets to reduce memory usage. Loaded Objects now: 2858.
Total: 3.968000 ms (FindLiveObjects: 0.256900 ms CreateObjectMapping: 0.276500 ms MarkObjects: 1.949500 ms  DeleteObjects: 1.483700 ms)

========================================================================
Received Import Request.
  path: Assets/HexPNG.png
  artifactKey: Guid(786a3ddd93d4dd4429b05d24ed9ee79d) Importer(815301076,1909f56bfc062723c751e8b465ee728b)
Start importing Assets/HexPNG.png using Guid(786a3ddd93d4dd4429b05d24ed9ee79d) Importer(815301076,1909f56bfc062723c751e8b465ee728b)  -> (artifact id: 'e6ec31c4c4fbac555f07d5fcf669f043') in 0.175773 seconds
  Import took 0.180518 seconds .

========================================================================
Received Prepare
Registering precompiled user dll's ...
Registered in 0.002243 seconds.
Begin MonoManager ReloadAssembly
Native extension for WindowsStandalone target not found
Refreshing native plugins compatible for Editor in 0.49 ms, found 0 plugins.
Preloading 0 native plugins for Editor in 0.00 ms.
Mono: successfully reloaded assembly
- Completed reload, in  1.218 seconds
Platform modules already initialized, skipping
Shader 'Universal Render Pipeline/Particles/Lit': fallback shader 'Universal Render Pipeline/Particles/SimpleLit' not found
Shader 'Universal Render Pipeline/Particles/Lit': fallback shader 'Universal Render Pipeline/Particles/SimpleLit' not found
Refreshing native plugins compatible for Editor in 0.46 ms, found 0 plugins.
Preloading 0 native plugins for Editor in 0.00 ms.
Unloading 2350 Unused Serialized files (Serialized files now loaded: 0)
System memory in use before: 115.6 MB.
System memory in use after: 113.1 MB.

Unloading 37 unused Assets to reduce memory usage. Loaded Objects now: 2867.
Total: 4.212100 ms (FindLiveObjects: 0.244400 ms CreateObjectMapping: 0.102100 ms MarkObjects: 2.083000 ms  DeleteObjects: 1.781300 ms)

========================================================================
Received Prepare
Registering precompiled user dll's ...
Registered in 0.001352 seconds.
Begin MonoManager ReloadAssembly
Native extension for WindowsStandalone target not found
Refreshing native plugins compatible for Editor in 0.46 ms, found 0 plugins.
Preloading 0 native plugins for Editor in 0.00 ms.
Mono: successfully reloaded assembly
- Completed reload, in  1.035 seconds
Platform modules already initialized, skipping
Shader 'Universal Render Pipeline/Particles/Lit': fallback shader 'Universal Render Pipeline/Particles/SimpleLit' not found
Shader 'Universal Render Pipeline/Particles/Lit': fallback shader 'Universal Render Pipeline/Particles/SimpleLit' not found
Refreshing native plugins compatible for Editor in 0.48 ms, found 0 plugins.
Preloading 0 native plugins for Editor in 0.00 ms.
Unloading 2350 Unused Serialized files (Serialized files now loaded: 0)
System memory in use before: 115.8 MB.
System memory in use after: 113.1 MB.

Unloading 37 unused Assets to reduce memory usage. Loaded Objects now: 2870.
Total: 4.131200 ms (FindLiveObjects: 0.310200 ms CreateObjectMapping: 0.215900 ms MarkObjects: 2.066800 ms  DeleteObjects: 1.536500 ms)

========================================================================
Received Prepare
Registering precompiled user dll's ...
Registered in 0.001341 seconds.
Begin MonoManager ReloadAssembly
Native extension for WindowsStandalone target not found
Refreshing native plugins compatible for Editor in 0.53 ms, found 0 plugins.
Preloading 0 native plugins for Editor in 0.00 ms.
Mono: successfully reloaded assembly
- Completed reload, in  0.987 seconds
Platform modules already initialized, skipping
Shader 'Universal Render Pipeline/Particles/Lit': fallback shader 'Universal Render Pipeline/Particles/SimpleLit' not found
Shader 'Universal Render Pipeline/Particles/Lit': fallback shader 'Universal Render Pipeline/Particles/SimpleLit' not found
Refreshing native plugins compatible for Editor in 0.51 ms, found 0 plugins.
Preloading 0 native plugins for Editor in 0.00 ms.
Unloading 2350 Unused Serialized files (Serialized files now loaded: 0)
System memory in use before: 115.7 MB.
System memory in use after: 113.1 MB.

Unloading 37 unused Assets to reduce memory usage. Loaded Objects now: 2873.
Total: 5.094000 ms (FindLiveObjects: 0.409500 ms CreateObjectMapping: 0.286900 ms MarkObjects: 2.299500 ms  DeleteObjects: 2.096400 ms)

========================================================================
Received Prepare
Registering precompiled user dll's ...
Registered in 0.001354 seconds.
Begin MonoManager ReloadAssembly
Native extension for WindowsStandalone target not found
Refreshing native plugins compatible for Editor in 0.50 ms, found 0 plugins.
Preloading 0 native plugins for Editor in 0.00 ms.
Mono: successfully reloaded assembly
- Completed reload, in  1.028 seconds
Platform modules already initialized, skipping
Shader 'Universal Render Pipeline/Particles/Lit': fallback shader 'Universal Render Pipeline/Particles/SimpleLit' not found
Shader 'Universal Render Pipeline/Particles/Lit': fallback shader 'Universal Render Pipeline/Particles/SimpleLit' not found
Refreshing native plugins compatible for Editor in 0.45 ms, found 0 plugins.
Preloading 0 native plugins for Editor in 0.00 ms.
Unloading 2350 Unused Serialized files (Serialized files now loaded: 0)
System memory in use before: 115.8 MB.
System memory in use after: 113.2 MB.

Unloading 37 unused Assets to reduce memory usage. Loaded Objects now: 2876.
Total: 3.758700 ms (FindLiveObjects: 0.277500 ms CreateObjectMapping: 0.096500 ms MarkObjects: 1.768500 ms  DeleteObjects: 1.614900 ms)

========================================================================
Received Prepare
Registering precompiled user dll's ...
Registered in 0.001627 seconds.
Begin MonoManager ReloadAssembly
Native extension for WindowsStandalone target not found
Refreshing native plugins compatible for Editor in 0.48 ms, found 0 plugins.
Preloading 0 native plugins for Editor in 0.00 ms.
Mono: successfully reloaded assembly
- Completed reload, in  0.998 seconds
Platform modules already initialized, skipping
Shader 'Universal Render Pipeline/Particles/Lit': fallback shader 'Universal Render Pipeline/Particles/SimpleLit' not found
Shader 'Universal Render Pipeline/Particles/Lit': fallback shader 'Universal Render Pipeline/Particles/SimpleLit' not found
Refreshing native plugins compatible for Editor in 0.46 ms, found 0 plugins.
Preloading 0 native plugins for Editor in 0.00 ms.
Unloading 2350 Unused Serialized files (Serialized files now loaded: 0)
System memory in use before: 115.6 MB.
System memory in use after: 113.1 MB.

Unloading 37 unused Assets to reduce memory usage. Loaded Objects now: 2879.
Total: 5.408600 ms (FindLiveObjects: 0.363500 ms CreateObjectMapping: 0.271600 ms MarkObjects: 2.446300 ms  DeleteObjects: 2.325800 ms)

========================================================================
Received Prepare
Registering precompiled user dll's ...
Registered in 0.001683 seconds.
Begin MonoManager ReloadAssembly
Native extension for WindowsStandalone target not found
Refreshing native plugins compatible for Editor in 0.47 ms, found 0 plugins.
Preloading 0 native plugins for Editor in 0.00 ms.
Mono: successfully reloaded assembly
- Completed reload, in  1.223 seconds
Platform modules already initialized, skipping
Shader 'Universal Render Pipeline/Particles/Lit': fallback shader 'Universal Render Pipeline/Particles/SimpleLit' not found
Shader 'Universal Render Pipeline/Particles/Lit': fallback shader 'Universal Render Pipeline/Particles/SimpleLit' not found
Refreshing native plugins compatible for Editor in 0.52 ms, found 0 plugins.
Preloading 0 native plugins for Editor in 0.00 ms.
Unloading 2350 Unused Serialized files (Serialized files now loaded: 0)
System memory in use before: 115.8 MB.
System memory in use after: 113.2 MB.

Unloading 37 unused Assets to reduce memory usage. Loaded Objects now: 2882.
Total: 5.548700 ms (FindLiveObjects: 0.273600 ms CreateObjectMapping: 0.129200 ms MarkObjects: 2.775700 ms  DeleteObjects: 2.368500 ms)

========================================================================
Received Prepare
Registering precompiled user dll's ...
Registered in 0.001415 seconds.
Begin MonoManager ReloadAssembly
Native extension for WindowsStandalone target not found
Refreshing native plugins compatible for Editor in 0.44 ms, found 0 plugins.
Preloading 0 native plugins for Editor in 0.00 ms.
Mono: successfully reloaded assembly
- Completed reload, in  1.022 seconds
Platform modules already initialized, skipping
Shader 'Universal Render Pipeline/Particles/Lit': fallback shader 'Universal Render Pipeline/Particles/SimpleLit' not found
Shader 'Universal Render Pipeline/Particles/Lit': fallback shader 'Universal Render Pipeline/Particles/SimpleLit' not found
Refreshing native plugins compatible for Editor in 0.57 ms, found 0 plugins.
Preloading 0 native plugins for Editor in 0.00 ms.
Unloading 2350 Unused Serialized files (Serialized files now loaded: 0)
System memory in use before: 115.7 MB.
System memory in use after: 113.2 MB.

Unloading 37 unused Assets to reduce memory usage. Loaded Objects now: 2885.
Total: 4.855500 ms (FindLiveObjects: 0.244100 ms CreateObjectMapping: 0.103500 ms MarkObjects: 2.006700 ms  DeleteObjects: 2.499200 ms)

========================================================================
Received Import Request.
  Time since last request: 367.270236 seconds.
  path: Assets/_Prefabs/Hex Chunk.prefab
  artifactKey: Guid(bde8425326c5d7246a94a92444287dca) Importer(815301076,1909f56bfc062723c751e8b465ee728b)
Start importing Assets/_Prefabs/Hex Chunk.prefab using Guid(bde8425326c5d7246a94a92444287dca) Importer(815301076,1909f56bfc062723c751e8b465ee728b)  -> (artifact id: '912adf23b5b1d40b7ede6266a0e0f3d2') in 0.028988 seconds
  Import took 0.033523 seconds .

========================================================================
Received Prepare
Registering precompiled user dll's ...
Registered in 0.002018 seconds.
Begin MonoManager ReloadAssembly
Native extension for WindowsStandalone target not found
Refreshing native plugins compatible for Editor in 0.72 ms, found 0 plugins.
Preloading 0 native plugins for Editor in 0.00 ms.
Mono: successfully reloaded assembly
- Completed reload, in  1.892 seconds
Platform modules already initialized, skipping
Shader 'Universal Render Pipeline/Particles/Lit': fallback shader 'Universal Render Pipeline/Particles/SimpleLit' not found
Shader 'Universal Render Pipeline/Particles/Lit': fallback shader 'Universal Render Pipeline/Particles/SimpleLit' not found
Refreshing native plugins compatible for Editor in 0.55 ms, found 0 plugins.
Preloading 0 native plugins for Editor in 0.00 ms.
Unloading 2350 Unused Serialized files (Serialized files now loaded: 0)
System memory in use before: 115.9 MB.
System memory in use after: 113.3 MB.

Unloading 37 unused Assets to reduce memory usage. Loaded Objects now: 2888.
Total: 5.639600 ms (FindLiveObjects: 0.509400 ms CreateObjectMapping: 0.228400 ms MarkObjects: 2.734700 ms  DeleteObjects: 2.165400 ms)

========================================================================
Received Prepare
Registering precompiled user dll's ...
Registered in 0.001929 seconds.
Begin MonoManager ReloadAssembly
Native extension for WindowsStandalone target not found
Refreshing native plugins compatible for Editor in 0.73 ms, found 0 plugins.
Preloading 0 native plugins for Editor in 0.00 ms.
Mono: successfully reloaded assembly
- Completed reload, in  2.496 seconds
Platform modules already initialized, skipping
Shader 'Universal Render Pipeline/Particles/Lit': fallback shader 'Universal Render Pipeline/Particles/SimpleLit' not found
Shader 'Universal Render Pipeline/Particles/Lit': fallback shader 'Universal Render Pipeline/Particles/SimpleLit' not found
Refreshing native plugins compatible for Editor in 1.00 ms, found 0 plugins.
Preloading 0 native plugins for Editor in 0.00 ms.
Unloading 2350 Unused Serialized files (Serialized files now loaded: 0)
System memory in use before: 115.8 MB.
System memory in use after: 113.2 MB.

Unloading 37 unused Assets to reduce memory usage. Loaded Objects now: 2891.
Total: 20.632500 ms (FindLiveObjects: 1.760100 ms CreateObjectMapping: 1.329300 ms MarkObjects: 13.527900 ms  DeleteObjects: 4.013200 ms)

========================================================================
Received Import Request.
  Time since last request: 73.855508 seconds.
  path: Assets/_Prefabs/Hex Chunk.prefab
  artifactKey: Guid(bde8425326c5d7246a94a92444287dca) Importer(815301076,1909f56bfc062723c751e8b465ee728b)
Start importing Assets/_Prefabs/Hex Chunk.prefab using Guid(bde8425326c5d7246a94a92444287dca) Importer(815301076,1909f56bfc062723c751e8b465ee728b)  -> (artifact id: '119ce51aef1d30e8fc0c7ae18dc75ab1') in 0.034108 seconds
  Import took 0.039231 seconds .

========================================================================
Received Import Request.
  Time since last request: 7.652284 seconds.
  path: Assets/_Prefabs/Hex Chunk.prefab
  artifactKey: Guid(bde8425326c5d7246a94a92444287dca) Importer(815301076,1909f56bfc062723c751e8b465ee728b)
Start importing Assets/_Prefabs/Hex Chunk.prefab using Guid(bde8425326c5d7246a94a92444287dca) Importer(815301076,1909f56bfc062723c751e8b465ee728b)  -> (artifact id: '93e620bc9e7bfbfeae7f9c59e9ee0233') in 0.006813 seconds
  Import took 0.013141 seconds .

========================================================================
Received Import Request.
  Time since last request: 17.134881 seconds.
  path: Assets/_Prefabs/Hex Container - Mesh.prefab
  artifactKey: Guid(956b460145ee4274591057e081db0ac4) Importer(815301076,1909f56bfc062723c751e8b465ee728b)
Start importing Assets/_Prefabs/Hex Container - Mesh.prefab using Guid(956b460145ee4274591057e081db0ac4) Importer(815301076,1909f56bfc062723c751e8b465ee728b)  -> (artifact id: 'e91831b1d7d6e7ec12ca26ab7c93dcd7') in 0.075916 seconds
  Import took 0.081315 seconds .

========================================================================
Received Prepare
Registering precompiled user dll's ...
Registered in 0.001563 seconds.
Begin MonoManager ReloadAssembly
Native extension for WindowsStandalone target not found
Refreshing native plugins compatible for Editor in 0.47 ms, found 0 plugins.
Preloading 0 native plugins for Editor in 0.00 ms.
Mono: successfully reloaded assembly
- Completed reload, in  0.987 seconds
Platform modules already initialized, skipping
Shader 'Universal Render Pipeline/Particles/Lit': fallback shader 'Universal Render Pipeline/Particles/SimpleLit' not found
Shader 'Universal Render Pipeline/Particles/Lit': fallback shader 'Universal Render Pipeline/Particles/SimpleLit' not found
Refreshing native plugins compatible for Editor in 0.50 ms, found 0 plugins.
Preloading 0 native plugins for Editor in 0.00 ms.
Unloading 2350 Unused Serialized files (Serialized files now loaded: 0)
System memory in use before: 115.7 MB.
System memory in use after: 113.1 MB.

Unloading 37 unused Assets to reduce memory usage. Loaded Objects now: 2894.
Total: 4.031800 ms (FindLiveObjects: 0.232800 ms CreateObjectMapping: 0.101900 ms MarkObjects: 2.008200 ms  DeleteObjects: 1.687900 ms)

========================================================================
Received Import Request.
  Time since last request: 13.958825 seconds.
  path: Assets/_Prefabs/Hex Chunk.prefab
  artifactKey: Guid(bde8425326c5d7246a94a92444287dca) Importer(815301076,1909f56bfc062723c751e8b465ee728b)
Start importing Assets/_Prefabs/Hex Chunk.prefab using Guid(bde8425326c5d7246a94a92444287dca) Importer(815301076,1909f56bfc062723c751e8b465ee728b)  -> (artifact id: '2ddae27e08d6d7733e8ed27b4bfdad3b') in 0.033805 seconds
  Import took 0.048053 seconds .

========================================================================
Received Import Request.
  Time since last request: 2.816094 seconds.
  path: Assets/_Prefabs/Hex Chunk.prefab
  artifactKey: Guid(bde8425326c5d7246a94a92444287dca) Importer(815301076,1909f56bfc062723c751e8b465ee728b)
Start importing Assets/_Prefabs/Hex Chunk.prefab using Guid(bde8425326c5d7246a94a92444287dca) Importer(815301076,1909f56bfc062723c751e8b465ee728b)  -> (artifact id: '7af13298a96b840e9edc2b7720506275') in 0.011165 seconds
  Import took 0.016065 seconds .

========================================================================
Received Import Request.
  Time since last request: 1.811238 seconds.
  path: Assets/_Prefabs/Hex Chunk.prefab
  artifactKey: Guid(bde8425326c5d7246a94a92444287dca) Importer(815301076,1909f56bfc062723c751e8b465ee728b)
Start importing Assets/_Prefabs/Hex Chunk.prefab using Guid(bde8425326c5d7246a94a92444287dca) Importer(815301076,1909f56bfc062723c751e8b465ee728b)  -> (artifact id: '09514aee1cb944c6c4e4f4e25fb24e86') in 0.007495 seconds
  Import took 0.013048 seconds .

========================================================================
Received Import Request.
  Time since last request: 1.212087 seconds.
  path: Assets/_Prefabs/Hex Chunk.prefab
  artifactKey: Guid(bde8425326c5d7246a94a92444287dca) Importer(815301076,1909f56bfc062723c751e8b465ee728b)
Start importing Assets/_Prefabs/Hex Chunk.prefab using Guid(bde8425326c5d7246a94a92444287dca) Importer(815301076,1909f56bfc062723c751e8b465ee728b)  -> (artifact id: 'e505cb9634c771f893624e75e65ac07d') in 0.011052 seconds
  Import took 0.016209 seconds .

========================================================================
Received Prepare
Registering precompiled user dll's ...
Registered in 0.004118 seconds.
Begin MonoManager ReloadAssembly
Native extension for WindowsStandalone target not found
Refreshing native plugins compatible for Editor in 0.55 ms, found 0 plugins.
Preloading 0 native plugins for Editor in 0.00 ms.
Mono: successfully reloaded assembly
- Completed reload, in  2.899 seconds
Platform modules already initialized, skipping
Shader 'Universal Render Pipeline/Particles/Lit': fallback shader 'Universal Render Pipeline/Particles/SimpleLit' not found
Shader 'Universal Render Pipeline/Particles/Lit': fallback shader 'Universal Render Pipeline/Particles/SimpleLit' not found
Refreshing native plugins compatible for Editor in 0.52 ms, found 0 plugins.
Preloading 0 native plugins for Editor in 0.00 ms.
Unloading 2350 Unused Serialized files (Serialized files now loaded: 0)
System memory in use before: 115.8 MB.
System memory in use after: 113.2 MB.

Unloading 37 unused Assets to reduce memory usage. Loaded Objects now: 2897.
Total: 40.452900 ms (FindLiveObjects: 25.224000 ms CreateObjectMapping: 0.344500 ms MarkObjects: 10.539200 ms  DeleteObjects: 4.343700 ms)

========================================================================
Received Prepare
Registering precompiled user dll's ...
Registered in 0.002828 seconds.
Begin MonoManager ReloadAssembly
Native extension for WindowsStandalone target not found
Refreshing native plugins compatible for Editor in 0.48 ms, found 0 plugins.
Preloading 0 native plugins for Editor in 0.00 ms.
Mono: successfully reloaded assembly
- Completed reload, in  1.599 seconds
Platform modules already initialized, skipping
Shader 'Universal Render Pipeline/Particles/Lit': fallback shader 'Universal Render Pipeline/Particles/SimpleLit' not found
Shader 'Universal Render Pipeline/Particles/Lit': fallback shader 'Universal Render Pipeline/Particles/SimpleLit' not found
Refreshing native plugins compatible for Editor in 0.48 ms, found 0 plugins.
Preloading 0 native plugins for Editor in 0.00 ms.
Unloading 2350 Unused Serialized files (Serialized files now loaded: 0)
System memory in use before: 115.9 MB.
System memory in use after: 113.3 MB.

Unloading 37 unused Assets to reduce memory usage. Loaded Objects now: 2900.
Total: 7.968000 ms (FindLiveObjects: 0.701100 ms CreateObjectMapping: 0.659100 ms MarkObjects: 4.554100 ms  DeleteObjects: 2.051300 ms)

========================================================================
Received Prepare
Registering precompiled user dll's ...
Registered in 0.001521 seconds.
Begin MonoManager ReloadAssembly
Native extension for WindowsStandalone target not found
Refreshing native plugins compatible for Editor in 0.45 ms, found 0 plugins.
Preloading 0 native plugins for Editor in 0.00 ms.
Mono: successfully reloaded assembly
- Completed reload, in  0.974 seconds
Platform modules already initialized, skipping
Shader 'Universal Render Pipeline/Particles/Lit': fallback shader 'Universal Render Pipeline/Particles/SimpleLit' not found
Shader 'Universal Render Pipeline/Particles/Lit': fallback shader 'Universal Render Pipeline/Particles/SimpleLit' not found
Refreshing native plugins compatible for Editor in 0.47 ms, found 0 plugins.
Preloading 0 native plugins for Editor in 0.00 ms.
Unloading 2350 Unused Serialized files (Serialized files now loaded: 0)
System memory in use before: 115.8 MB.
System memory in use after: 113.2 MB.

Unloading 37 unused Assets to reduce memory usage. Loaded Objects now: 2903.
Total: 4.990500 ms (FindLiveObjects: 0.424300 ms CreateObjectMapping: 0.244400 ms MarkObjects: 2.420800 ms  DeleteObjects: 1.899200 ms)

========================================================================
Received Import Request.
  Time since last request: 928.355400 seconds.
  path: Assets/_Shaders/NewSurfaceShader.shader
  artifactKey: Guid(2b736142139240d42b69225cb1c2ebee) Importer(815301076,1909f56bfc062723c751e8b465ee728b)
Start importing Assets/_Shaders/NewSurfaceShader.shader using Guid(2b736142139240d42b69225cb1c2ebee) Importer(815301076,1909f56bfc062723c751e8b465ee728b)  -> (artifact id: 'b97e9d88a2f6c4221f6d6239ed4856e9') in 0.042297 seconds
  Import took 0.053210 seconds .

========================================================================
Received Import Request.
  Time since last request: 0.006551 seconds.
  path: Assets/_Shaders/NewSurfaceShader.shader
  artifactKey: Guid(2b736142139240d42b69225cb1c2ebee) Importer(815301076,1909f56bfc062723c751e8b465ee728b)
Start importing Assets/_Shaders/NewSurfaceShader.shader using Guid(2b736142139240d42b69225cb1c2ebee) Importer(815301076,1909f56bfc062723c751e8b465ee728b)  -> (artifact id: 'b97e9d88a2f6c4221f6d6239ed4856e9') in 0.019573 seconds
  Import took 0.030934 seconds .

========================================================================
Received Import Request.
  Time since last request: 10.049719 seconds.
  path: Assets/_Shaders/Agfaga.shadergraph
  artifactKey: Guid(aafc464a901a04344b85a89b2d1b0a76) Importer(815301076,1909f56bfc062723c751e8b465ee728b)
Start importing Assets/_Shaders/Agfaga.shadergraph using Guid(aafc464a901a04344b85a89b2d1b0a76) Importer(815301076,1909f56bfc062723c751e8b465ee728b)  -> (artifact id: '56be573ac5fb84b559f858b7d0e68147') in 0.010165 seconds
  Import took 0.014953 seconds .

========================================================================
Received Import Request.
  Time since last request: 0.630712 seconds.
  path: Assets/_Shaders/Agfaga.shadergraph
  artifactKey: Guid(aafc464a901a04344b85a89b2d1b0a76) Importer(815301076,1909f56bfc062723c751e8b465ee728b)
Start importing Assets/_Shaders/Agfaga.shadergraph using Guid(aafc464a901a04344b85a89b2d1b0a76) Importer(815301076,1909f56bfc062723c751e8b465ee728b)  -> (artifact id: '56be573ac5fb84b559f858b7d0e68147') in 0.008126 seconds
  Import took 0.014279 seconds .

========================================================================
Received Import Request.
  Time since last request: 8.899416 seconds.
  path: Assets/_Shaders/afafafaf.shader
  artifactKey: Guid(2b736142139240d42b69225cb1c2ebee) Importer(815301076,1909f56bfc062723c751e8b465ee728b)
Start importing Assets/_Shaders/afafafaf.shader using Guid(2b736142139240d42b69225cb1c2ebee) Importer(815301076,1909f56bfc062723c751e8b465ee728b)  -> (artifact id: '5eb8b8eb00d6825d9e132659be64a28c') in 0.022075 seconds
  Import took 0.028563 seconds .

========================================================================
Received Import Request.
  Time since last request: 51.042611 seconds.
  path: Assets/_Shaders/afafafaf.shader
  artifactKey: Guid(2b736142139240d42b69225cb1c2ebee) Importer(815301076,1909f56bfc062723c751e8b465ee728b)
Start importing Assets/_Shaders/afafafaf.shader using Guid(2b736142139240d42b69225cb1c2ebee) Importer(815301076,1909f56bfc062723c751e8b465ee728b) Shader 'Custom/Vertex Blend': fallback shader 'Vertexlit' not found
 -> (artifact id: 'ba43eb7932e2005fe81ab359c9e0c479') in 0.013180 seconds
  Import took 0.018895 seconds .

========================================================================
Received Import Request.
  Time since last request: 3.625868 seconds.
  path: Assets/_Shaders/Vertex Blend.shader
  artifactKey: Guid(2b736142139240d42b69225cb1c2ebee) Importer(815301076,1909f56bfc062723c751e8b465ee728b)
Start importing Assets/_Shaders/Vertex Blend.shader using Guid(2b736142139240d42b69225cb1c2ebee) Importer(815301076,1909f56bfc062723c751e8b465ee728b) Shader 'Custom/Vertex Blend': fallback shader 'Vertexlit' not found
 -> (artifact id: '3d6221f07f6c4885e75d73bfecddeb01') in 0.020316 seconds
  Import took 0.030279 seconds .

========================================================================
Received Import Request.
  Time since last request: 43.036191 seconds.
  path: Assets/TextMesh Pro/Sprites/EmojiOne.png
  artifactKey: Guid(dffef66376be4fa480fb02b19edbe903) Importer(815301076,1909f56bfc062723c751e8b465ee728b)
Start importing Assets/TextMesh Pro/Sprites/EmojiOne.png using Guid(dffef66376be4fa480fb02b19edbe903) Importer(815301076,1909f56bfc062723c751e8b465ee728b)  -> (artifact id: '41bf37349e1253e749beebd279773bb7') in 0.140139 seconds
  Import took 0.150155 seconds .

========================================================================
Received Import Request.
  Time since last request: 0.000046 seconds.
  path: Assets/TextMesh Pro/Resources/Fonts & Materials/LiberationSans SDF - Fallback.asset
  artifactKey: Guid(2e498d1c8094910479dc3e1b768306a4) Importer(815301076,1909f56bfc062723c751e8b465ee728b)
Start importing Assets/TextMesh Pro/Resources/Fonts & Materials/LiberationSans SDF - Fallback.asset using Guid(2e498d1c8094910479dc3e1b768306a4) Importer(815301076,1909f56bfc062723c751e8b465ee728b)  -> (artifact id: 'e1efd4629f86ec6554b0346573e275d5') in 0.810694 seconds
  Import took 0.819437 seconds .

========================================================================
Received Import Request.
  Time since last request: 0.000195 seconds.
  path: Assets/TextMesh Pro/Sprites/EmojiOne.png
  artifactKey: Guid(dffef66376be4fa480fb02b19edbe903) Importer(815301076,1909f56bfc062723c751e8b465ee728b)
Start importing Assets/TextMesh Pro/Sprites/EmojiOne.png using Guid(dffef66376be4fa480fb02b19edbe903) Importer(815301076,1909f56bfc062723c751e8b465ee728b)  -> (artifact id: '41bf37349e1253e749beebd279773bb7') in 0.040600 seconds
  Import took 0.047690 seconds .

========================================================================
Received Import Request.
  Time since last request: 0.000208 seconds.
  path: Assets/TextMesh Pro/Resources/Fonts & Materials/LiberationSans SDF.asset
  artifactKey: Guid(8f586378b4e144a9851e7b34d9b748ee) Importer(815301076,1909f56bfc062723c751e8b465ee728b)
Start importing Assets/TextMesh Pro/Resources/Fonts & Materials/LiberationSans SDF.asset using Guid(8f586378b4e144a9851e7b34d9b748ee) Importer(815301076,1909f56bfc062723c751e8b465ee728b)  -> (artifact id: '5c600942ab122209d2027f120371caf0') in 0.098030 seconds
  Import took 0.102680 seconds .

========================================================================
Received Import Request.
  Time since last request: 259.985843 seconds.
  path: Assets/_Shaders/Vertex Blend.shader
  artifactKey: Guid(2b736142139240d42b69225cb1c2ebee) Importer(815301076,1909f56bfc062723c751e8b465ee728b)
Start importing Assets/_Shaders/Vertex Blend.shader using Guid(2b736142139240d42b69225cb1c2ebee) Importer(815301076,1909f56bfc062723c751e8b465ee728b)  -> (artifact id: 'c72cfad39bc651a43090eeb1dec10bc6') in 0.012925 seconds
  Import took 0.020077 seconds .

========================================================================
Received Import Request.
  Time since last request: 3.905787 seconds.
  path: Assets/_Shaders/New Hex Colors.shadergraph
  artifactKey: Guid(c695cf7baa72659468835a9e64ade446) Importer(815301076,1909f56bfc062723c751e8b465ee728b)
Start importing Assets/_Shaders/New Hex Colors.shadergraph using Guid(c695cf7baa72659468835a9e64ade446) Importer(815301076,1909f56bfc062723c751e8b465ee728b)  -> (artifact id: 'afde1d6fa833c564d036ea12b1803afd') in 0.017524 seconds
  Import took 0.028563 seconds .

========================================================================
Received Import Request.
  Time since last request: 0.000376 seconds.
  path: Assets/_Shaders/New Hex Colors.shadergraph
  artifactKey: Guid(c695cf7baa72659468835a9e64ade446) Importer(815301076,1909f56bfc062723c751e8b465ee728b)
Start importing Assets/_Shaders/New Hex Colors.shadergraph using Guid(c695cf7baa72659468835a9e64ade446) Importer(815301076,1909f56bfc062723c751e8b465ee728b)  -> (artifact id: 'afde1d6fa833c564d036ea12b1803afd') in 0.011835 seconds
  Import took 0.018444 seconds .

========================================================================
Received Import Request.
  Time since last request: 12.338459 seconds.
  path: Assets/_Shaders/Vertex Blend.shader
  artifactKey: Guid(2b736142139240d42b69225cb1c2ebee) Importer(815301076,1909f56bfc062723c751e8b465ee728b)
Start importing Assets/_Shaders/Vertex Blend.shader using Guid(2b736142139240d42b69225cb1c2ebee) Importer(815301076,1909f56bfc062723c751e8b465ee728b) Shader 'Custom/Vertex Blend': fallback shader 'Vertexlit' not found
 -> (artifact id: '4f2fabc0276c9ca49bdab442e4ce8e73') in 0.013206 seconds
  Import took 0.020195 seconds .

========================================================================
Received Import Request.
  Time since last request: 67.966765 seconds.
  path: Assets/_Shaders/Vertex Blend New.shadergraph
  artifactKey: Guid(05e0db3119c5eb34582d8bdfe7eb312e) Importer(815301076,1909f56bfc062723c751e8b465ee728b)
Start importing Assets/_Shaders/Vertex Blend New.shadergraph using Guid(05e0db3119c5eb34582d8bdfe7eb312e) Importer(815301076,1909f56bfc062723c751e8b465ee728b)  -> (artifact id: 'bb260db8d571b93d7875adadb14c031d') in 0.012930 seconds
  Import took 0.017794 seconds .

========================================================================
Received Import Request.
  Time since last request: 0.290608 seconds.
  path: Assets/_Shaders/Vertex Blend New.shadergraph
  artifactKey: Guid(05e0db3119c5eb34582d8bdfe7eb312e) Importer(815301076,1909f56bfc062723c751e8b465ee728b)
Start importing Assets/_Shaders/Vertex Blend New.shadergraph using Guid(05e0db3119c5eb34582d8bdfe7eb312e) Importer(815301076,1909f56bfc062723c751e8b465ee728b)  -> (artifact id: 'bb260db8d571b93d7875adadb14c031d') in 0.012568 seconds
  Import took 0.018992 seconds .

========================================================================
Received Import Request.
  Time since last request: 266.619624 seconds.
  path: Assets/_Shaders/Shader_ZacIslandWater.ShaderGraph
  artifactKey: Guid(9449666cac1ea164ba6aada879ebb379) Importer(815301076,1909f56bfc062723c751e8b465ee728b)
Start importing Assets/_Shaders/Shader_ZacIslandWater.ShaderGraph using Guid(9449666cac1ea164ba6aada879ebb379) Importer(815301076,1909f56bfc062723c751e8b465ee728b)  -> (artifact id: '737f6336a0d43a728e088542046300e9') in 0.018820 seconds
  Import took 0.024966 seconds .

========================================================================
Received Import Request.
  Time since last request: 0.491138 seconds.
  path: Assets/_Shaders/Shader_ZacIslandWater.ShaderGraph
  artifactKey: Guid(9449666cac1ea164ba6aada879ebb379) Importer(815301076,1909f56bfc062723c751e8b465ee728b)
Start importing Assets/_Shaders/Shader_ZacIslandWater.ShaderGraph using Guid(9449666cac1ea164ba6aada879ebb379) Importer(815301076,1909f56bfc062723c751e8b465ee728b)  -> (artifact id: '737f6336a0d43a728e088542046300e9') in 0.013029 seconds
  Import took 0.017454 seconds .

========================================================================
Received Import Request.
  Time since last request: 28.284014 seconds.
  path: Assets/_Shaders/New Shader Graph.shadergraph
  artifactKey: Guid(135c13ffc5e269f43be3eabf2a64cf19) Importer(815301076,1909f56bfc062723c751e8b465ee728b)
Start importing Assets/_Shaders/New Shader Graph.shadergraph using Guid(135c13ffc5e269f43be3eabf2a64cf19) Importer(815301076,1909f56bfc062723c751e8b465ee728b)  -> (artifact id: '30abbe747aef42e68452671b4d5a8a18') in 0.017454 seconds
  Import took 0.022010 seconds .

========================================================================
Received Import Request.
  Time since last request: 14.015872 seconds.
  path: Assets/_Shaders/NewUnlitShader.shader
  artifactKey: Guid(4516b979f2919d247948a2f5b1b42bfa) Importer(815301076,1909f56bfc062723c751e8b465ee728b)
Start importing Assets/_Shaders/NewUnlitShader.shader using Guid(4516b979f2919d247948a2f5b1b42bfa) Importer(815301076,1909f56bfc062723c751e8b465ee728b)  -> (artifact id: '966f5ada8e18544c6ef3eac03d32e481') in 0.050265 seconds
  Import took 0.061510 seconds .

AssetImportWorkerClient::OnTransportError - code=2 error=End of file
